CRITICAL - 2022-06-27 00:39:38 --> There is no data to insert.
in SYSTEMPATH/BaseModel.php on line 718.
 1 SYSTEMPATH/BaseModel.php(718): CodeIgniter\Database\Exceptions\DataException::forEmptyDataset('insert')
 2 SYSTEMPATH/Model.php(666): CodeIgniter\BaseModel->insert([], false)
 3 SYSTEMPATH/BaseModel.php(658): CodeIgniter\Model->insert([...], false)
 4 APPPATH/Controllers/Api.php(169): CodeIgniter\BaseModel->save([...])
 5 SYSTEMPATH/CodeIgniter.php(896): App\Controllers\Api->SaveBarang()
 6 SYSTEMPATH/CodeIgniter.php(466): CodeIgniter\CodeIgniter->runController(Object(App\Controllers\Api))
 7 SYSTEMPATH/CodeIgniter.php(349): CodeIgniter\CodeIgniter->handleRequest(null, Object(Config\Cache), false)
 8 FCPATH/index.php(55): CodeIgniter\CodeIgniter->run()
CRITICAL - 2022-06-27 00:41:53 --> There is no data to insert.
in SYSTEMPATH/BaseModel.php on line 718.
 1 SYSTEMPATH/BaseModel.php(718): CodeIgniter\Database\Exceptions\DataException::forEmptyDataset('insert')
 2 SYSTEMPATH/Model.php(666): CodeIgniter\BaseModel->insert([], false)
 3 SYSTEMPATH/BaseModel.php(658): CodeIgniter\Model->insert([...], false)
 4 APPPATH/Controllers/Api.php(169): CodeIgniter\BaseModel->save([...])
 5 SYSTEMPATH/CodeIgniter.php(896): App\Controllers\Api->SaveBarang()
 6 SYSTEMPATH/CodeIgniter.php(466): CodeIgniter\CodeIgniter->runController(Object(App\Controllers\Api))
 7 SYSTEMPATH/CodeIgniter.php(349): CodeIgniter\CodeIgniter->handleRequest(null, Object(Config\Cache), false)
 8 FCPATH/index.php(55): CodeIgniter\CodeIgniter->run()
CRITICAL - 2022-06-27 00:47:27 --> There is no data to insert.
in SYSTEMPATH/BaseModel.php on line 718.
 1 SYSTEMPATH/BaseModel.php(718): CodeIgniter\Database\Exceptions\DataException::forEmptyDataset('insert')
 2 SYSTEMPATH/Model.php(666): CodeIgniter\BaseModel->insert([], false)
 3 SYSTEMPATH/BaseModel.php(658): CodeIgniter\Model->insert([...], false)
 4 APPPATH/Controllers/Api.php(169): CodeIgniter\BaseModel->save([...])
 5 SYSTEMPATH/CodeIgniter.php(896): App\Controllers\Api->SaveBarang()
 6 SYSTEMPATH/CodeIgniter.php(466): CodeIgniter\CodeIgniter->runController(Object(App\Controllers\Api))
 7 SYSTEMPATH/CodeIgniter.php(349): CodeIgniter\CodeIgniter->handleRequest(null, Object(Config\Cache), false)
 8 FCPATH/index.php(55): CodeIgniter\CodeIgniter->run()
CRITICAL - 2022-06-27 00:49:03 --> There is no data to insert.
in SYSTEMPATH/BaseModel.php on line 718.
 1 SYSTEMPATH/BaseModel.php(718): CodeIgniter\Database\Exceptions\DataException::forEmptyDataset('insert')
 2 SYSTEMPATH/Model.php(666): CodeIgniter\BaseModel->insert([], false)
 3 SYSTEMPATH/BaseModel.php(658): CodeIgniter\Model->insert([...], false)
 4 APPPATH/Controllers/Api.php(169): CodeIgniter\BaseModel->save([...])
 5 SYSTEMPATH/CodeIgniter.php(896): App\Controllers\Api->SaveBarang()
 6 SYSTEMPATH/CodeIgniter.php(466): CodeIgniter\CodeIgniter->runController(Object(App\Controllers\Api))
 7 SYSTEMPATH/CodeIgniter.php(349): CodeIgniter\CodeIgniter->handleRequest(null, Object(Config\Cache), false)
 8 FCPATH/index.php(55): CodeIgniter\CodeIgniter->run()
CRITICAL - 2022-06-27 00:50:36 --> There is no data to insert.
in SYSTEMPATH/BaseModel.php on line 718.
 1 SYSTEMPATH/BaseModel.php(718): CodeIgniter\Database\Exceptions\DataException::forEmptyDataset('insert')
 2 SYSTEMPATH/Model.php(666): CodeIgniter\BaseModel->insert([], false)
 3 SYSTEMPATH/BaseModel.php(658): CodeIgniter\Model->insert([...], false)
 4 APPPATH/Controllers/Api.php(173): CodeIgniter\BaseModel->save([...])
 5 SYSTEMPATH/CodeIgniter.php(896): App\Controllers\Api->SaveBarang()
 6 SYSTEMPATH/CodeIgniter.php(466): CodeIgniter\CodeIgniter->runController(Object(App\Controllers\Api))
 7 SYSTEMPATH/CodeIgniter.php(349): CodeIgniter\CodeIgniter->handleRequest(null, Object(Config\Cache), false)
 8 FCPATH/index.php(55): CodeIgniter\CodeIgniter->run()
CRITICAL - 2022-06-27 01:03:53 --> Call to undefined function App\Controllers\SendJSON()
in APPPATH/Controllers/Api.php on line 158.
 1 SYSTEMPATH/CodeIgniter.php(896): App\Controllers\Api->ReadBarangById('1')
 2 SYSTEMPATH/CodeIgniter.php(466): CodeIgniter\CodeIgniter->runController(Object(App\Controllers\Api))
 3 SYSTEMPATH/CodeIgniter.php(349): CodeIgniter\CodeIgniter->handleRequest(null, Object(Config\Cache), false)
 4 FCPATH/index.php(55): CodeIgniter\CodeIgniter->run()
