ERROR - 2022-06-25 15:24:14 --> You have an error in your SQL syntax; check the manual that corresponds to your MariaDB server version for the right syntax to use near ') as tgl_disp, `jenis_barang`.`jenis_barang`
FROM `penjualan`
JOIN `barang` O...' at line 1
CRITICAL - 2022-06-25 15:24:14 --> Call to a member function getResult() on bool
in SYSTEMPATH/Model.php on line 223.
 1 SYSTEMPATH/BaseModel.php(584): CodeIgniter\Model->doFindAll(0, 0)
 2 APPPATH/Controllers/Api.php(29): CodeIgniter\BaseModel->findAll()
 3 SYSTEMPATH/CodeIgniter.php(896): App\Controllers\Api->ReadPenjualan()
 4 SYSTEMPATH/CodeIgniter.php(466): CodeIgniter\CodeIgniter->runController(Object(App\Controllers\Api))
 5 SYSTEMPATH/CodeIgniter.php(349): CodeIgniter\CodeIgniter->handleRequest(null, Object(Config\Cache), false)
 6 FCPATH/index.php(55): CodeIgniter\CodeIgniter->run()
ERROR - 2022-06-25 15:24:46 --> You have an error in your SQL syntax; check the manual that corresponds to your MariaDB server version for the right syntax to use near ') as tgl_disp, `jenis_barang`.`jenis_barang`
FROM `penjualan`
JOIN `barang` O...' at line 1
CRITICAL - 2022-06-25 15:24:46 --> You have an error in your SQL syntax; check the manual that corresponds to your MariaDB server version for the right syntax to use near ') as tgl_disp, `jenis_barang`.`jenis_barang`
FROM `penjualan`
JOIN `barang` O...' at line 1
in SYSTEMPATH/Database/MySQLi/Connection.php on line 292.
 1 SYSTEMPATH/Database/MySQLi/Connection.php(292): mysqli->query('SELECT `barang`.`nama_barang`, `penjualan`.`stok`, `penjualan`.`terjual`, `penjualan`.`tgl_transaksi`, DATE_FORMAT(penjualan.tgl_transaksi) as tgl_disp, `jenis_barang`.`jenis_barang`
FROM `penjualan`
JOIN `barang` ON `barang`.`id` = `penjualan`.`id_barang`
JOIN `jenis_barang` ON `jenis_barang`.`id` = `barang`.`id_jenis_barang`
WHERE `penjualan`.`deleted_at` IS NULL', 0)
 2 SYSTEMPATH/Database/BaseConnection.php(695): CodeIgniter\Database\MySQLi\Connection->execute('SELECT `barang`.`nama_barang`, `penjualan`.`stok`, `penjualan`.`terjual`, `penjualan`.`tgl_transaksi`, DATE_FORMAT(penjualan.tgl_transaksi) as tgl_disp, `jenis_barang`.`jenis_barang`
FROM `penjualan`
JOIN `barang` ON `barang`.`id` = `penjualan`.`id_barang`
JOIN `jenis_barang` ON `jenis_barang`.`id` = `barang`.`id_jenis_barang`
WHERE `penjualan`.`deleted_at` IS NULL')
 3 SYSTEMPATH/Database/BaseConnection.php(609): CodeIgniter\Database\BaseConnection->simpleQuery('SELECT `barang`.`nama_barang`, `penjualan`.`stok`, `penjualan`.`terjual`, `penjualan`.`tgl_transaksi`, DATE_FORMAT(penjualan.tgl_transaksi) as tgl_disp, `jenis_barang`.`jenis_barang`
FROM `penjualan`
JOIN `barang` ON `barang`.`id` = `penjualan`.`id_barang`
JOIN `jenis_barang` ON `jenis_barang`.`id` = `barang`.`id_jenis_barang`
WHERE `penjualan`.`deleted_at` IS NULL')
 4 SYSTEMPATH/Database/BaseBuilder.php(1585): CodeIgniter\Database\BaseConnection->query('SELECT `barang`.`nama_barang`, `penjualan`.`stok`, `penjualan`.`terjual`, `penjualan`.`tgl_transaksi`, DATE_FORMAT(penjualan.tgl_transaksi) as tgl_disp, `jenis_barang`.`jenis_barang`
FROM `penjualan`
JOIN `barang` ON `barang`.`id` = `penjualan`.`id_barang`
JOIN `jenis_barang` ON `jenis_barang`.`id` = `barang`.`id_jenis_barang`
WHERE `penjualan`.`deleted_at` IS NULL', [], false)
 5 SYSTEMPATH/Model.php(222): CodeIgniter\Database\BaseBuilder->get()
 6 SYSTEMPATH/BaseModel.php(584): CodeIgniter\Model->doFindAll(0, 0)
 7 APPPATH/Controllers/Api.php(29): CodeIgniter\BaseModel->findAll()
 8 SYSTEMPATH/CodeIgniter.php(896): App\Controllers\Api->ReadPenjualan()
 9 SYSTEMPATH/CodeIgniter.php(466): CodeIgniter\CodeIgniter->runController(Object(App\Controllers\Api))
10 SYSTEMPATH/CodeIgniter.php(349): CodeIgniter\CodeIgniter->handleRequest(null, Object(Config\Cache), false)
11 FCPATH/index.php(55): CodeIgniter\CodeIgniter->run()
ERROR - 2022-06-25 15:26:20 --> You have an error in your SQL syntax; check the manual that corresponds to your MariaDB server version for the right syntax to use near ') AS tgl_disp, `jenis_barang`.`jenis_barang`
FROM `penjualan`
JOIN `barang` O...' at line 1
CRITICAL - 2022-06-25 15:26:20 --> You have an error in your SQL syntax; check the manual that corresponds to your MariaDB server version for the right syntax to use near ') AS tgl_disp, `jenis_barang`.`jenis_barang`
FROM `penjualan`
JOIN `barang` O...' at line 1
in SYSTEMPATH/Database/MySQLi/Connection.php on line 292.
 1 SYSTEMPATH/Database/MySQLi/Connection.php(292): mysqli->query('SELECT `barang`.`nama_barang`, `penjualan`.`stok`, `penjualan`.`terjual`, `penjualan`.`tgl_transaksi`, DATE_FORMAT(penjualan.tgl_transaksi) AS tgl_disp, `jenis_barang`.`jenis_barang`
FROM `penjualan`
JOIN `barang` ON `barang`.`id` = `penjualan`.`id_barang`
JOIN `jenis_barang` ON `jenis_barang`.`id` = `barang`.`id_jenis_barang`
WHERE `penjualan`.`deleted_at` IS NULL', 0)
 2 SYSTEMPATH/Database/BaseConnection.php(695): CodeIgniter\Database\MySQLi\Connection->execute('SELECT `barang`.`nama_barang`, `penjualan`.`stok`, `penjualan`.`terjual`, `penjualan`.`tgl_transaksi`, DATE_FORMAT(penjualan.tgl_transaksi) AS tgl_disp, `jenis_barang`.`jenis_barang`
FROM `penjualan`
JOIN `barang` ON `barang`.`id` = `penjualan`.`id_barang`
JOIN `jenis_barang` ON `jenis_barang`.`id` = `barang`.`id_jenis_barang`
WHERE `penjualan`.`deleted_at` IS NULL')
 3 SYSTEMPATH/Database/BaseConnection.php(609): CodeIgniter\Database\BaseConnection->simpleQuery('SELECT `barang`.`nama_barang`, `penjualan`.`stok`, `penjualan`.`terjual`, `penjualan`.`tgl_transaksi`, DATE_FORMAT(penjualan.tgl_transaksi) AS tgl_disp, `jenis_barang`.`jenis_barang`
FROM `penjualan`
JOIN `barang` ON `barang`.`id` = `penjualan`.`id_barang`
JOIN `jenis_barang` ON `jenis_barang`.`id` = `barang`.`id_jenis_barang`
WHERE `penjualan`.`deleted_at` IS NULL')
 4 SYSTEMPATH/Database/BaseBuilder.php(1585): CodeIgniter\Database\BaseConnection->query('SELECT `barang`.`nama_barang`, `penjualan`.`stok`, `penjualan`.`terjual`, `penjualan`.`tgl_transaksi`, DATE_FORMAT(penjualan.tgl_transaksi) AS tgl_disp, `jenis_barang`.`jenis_barang`
FROM `penjualan`
JOIN `barang` ON `barang`.`id` = `penjualan`.`id_barang`
JOIN `jenis_barang` ON `jenis_barang`.`id` = `barang`.`id_jenis_barang`
WHERE `penjualan`.`deleted_at` IS NULL', [], false)
 5 SYSTEMPATH/Model.php(222): CodeIgniter\Database\BaseBuilder->get()
 6 SYSTEMPATH/BaseModel.php(584): CodeIgniter\Model->doFindAll(0, 0)
 7 APPPATH/Controllers/Api.php(29): CodeIgniter\BaseModel->findAll()
 8 SYSTEMPATH/CodeIgniter.php(896): App\Controllers\Api->ReadPenjualan()
 9 SYSTEMPATH/CodeIgniter.php(466): CodeIgniter\CodeIgniter->runController(Object(App\Controllers\Api))
10 SYSTEMPATH/CodeIgniter.php(349): CodeIgniter\CodeIgniter->handleRequest(null, Object(Config\Cache), false)
11 FCPATH/index.php(55): CodeIgniter\CodeIgniter->run()
CRITICAL - 2022-06-25 16:20:30 --> Call to undefined method CodeIgniter\HTTP\Response::getGet()
in APPPATH/Controllers/Api.php on line 24.
 1 SYSTEMPATH/CodeIgniter.php(896): App\Controllers\Api->ReadPenjualan()
 2 SYSTEMPATH/CodeIgniter.php(466): CodeIgniter\CodeIgniter->runController(Object(App\Controllers\Api))
 3 SYSTEMPATH/CodeIgniter.php(349): CodeIgniter\CodeIgniter->handleRequest(null, Object(Config\Cache), false)
 4 FCPATH/index.php(55): CodeIgniter\CodeIgniter->run()
CRITICAL - 2022-06-25 16:20:38 --> Call to undefined method CodeIgniter\HTTP\Response::getGet()
in APPPATH/Controllers/Api.php on line 24.
 1 SYSTEMPATH/CodeIgniter.php(896): App\Controllers\Api->ReadPenjualan()
 2 SYSTEMPATH/CodeIgniter.php(466): CodeIgniter\CodeIgniter->runController(Object(App\Controllers\Api))
 3 SYSTEMPATH/CodeIgniter.php(349): CodeIgniter\CodeIgniter->handleRequest(null, Object(Config\Cache), false)
 4 FCPATH/index.php(55): CodeIgniter\CodeIgniter->run()
ERROR - 2022-06-25 16:27:57 --> You have an error in your SQL syntax; check the manual that corresponds to your MariaDB server version for the right syntax to use near '%Kopi%
AND `penjualan`.`deleted_at` IS NULL' at line 5
CRITICAL - 2022-06-25 16:27:57 --> You have an error in your SQL syntax; check the manual that corresponds to your MariaDB server version for the right syntax to use near '%Kopi%
AND `penjualan`.`deleted_at` IS NULL' at line 5
in SYSTEMPATH/Database/MySQLi/Connection.php on line 292.
 1 SYSTEMPATH/Database/MySQLi/Connection.php(292): mysqli->query('SELECT `barang`.`nama_barang`, `penjualan`.`stok`, `penjualan`.`terjual`, `penjualan`.`tgl_transaksi`, DATE_FORMAT(penjualan.tgl_transaksi, "%d %b %Y") as tgl_disp, `jenis_barang`.`jenis_barang`
FROM `penjualan`
JOIN `barang` ON `barang`.`id` = `penjualan`.`id_barang`
JOIN `jenis_barang` ON `jenis_barang`.`id` = `barang`.`id_jenis_barang`
WHERE `barang`.`nama_barang` LIKE %Kopi%
AND `penjualan`.`deleted_at` IS NULL', 0)
 2 SYSTEMPATH/Database/BaseConnection.php(695): CodeIgniter\Database\MySQLi\Connection->execute('SELECT `barang`.`nama_barang`, `penjualan`.`stok`, `penjualan`.`terjual`, `penjualan`.`tgl_transaksi`, DATE_FORMAT(penjualan.tgl_transaksi, "%d %b %Y") as tgl_disp, `jenis_barang`.`jenis_barang`
FROM `penjualan`
JOIN `barang` ON `barang`.`id` = `penjualan`.`id_barang`
JOIN `jenis_barang` ON `jenis_barang`.`id` = `barang`.`id_jenis_barang`
WHERE `barang`.`nama_barang` LIKE %Kopi%
AND `penjualan`.`deleted_at` IS NULL')
 3 SYSTEMPATH/Database/BaseConnection.php(609): CodeIgniter\Database\BaseConnection->simpleQuery('SELECT `barang`.`nama_barang`, `penjualan`.`stok`, `penjualan`.`terjual`, `penjualan`.`tgl_transaksi`, DATE_FORMAT(penjualan.tgl_transaksi, "%d %b %Y") as tgl_disp, `jenis_barang`.`jenis_barang`
FROM `penjualan`
JOIN `barang` ON `barang`.`id` = `penjualan`.`id_barang`
JOIN `jenis_barang` ON `jenis_barang`.`id` = `barang`.`id_jenis_barang`
WHERE `barang`.`nama_barang` LIKE %Kopi%
AND `penjualan`.`deleted_at` IS NULL')
 4 SYSTEMPATH/Database/BaseBuilder.php(1585): CodeIgniter\Database\BaseConnection->query('SELECT `barang`.`nama_barang`, `penjualan`.`stok`, `penjualan`.`terjual`, `penjualan`.`tgl_transaksi`, DATE_FORMAT(penjualan.tgl_transaksi, "%d %b %Y") as tgl_disp, `jenis_barang`.`jenis_barang`
FROM `penjualan`
JOIN `barang` ON `barang`.`id` = `penjualan`.`id_barang`
JOIN `jenis_barang` ON `jenis_barang`.`id` = `barang`.`id_jenis_barang`
WHERE `barang`.`nama_barang` LIKE %Kopi%
AND `penjualan`.`deleted_at` IS NULL', [], false)
 5 SYSTEMPATH/Model.php(222): CodeIgniter\Database\BaseBuilder->get()
 6 SYSTEMPATH/BaseModel.php(584): CodeIgniter\Model->doFindAll(0, 0)
 7 APPPATH/Controllers/Api.php(42): CodeIgniter\BaseModel->findAll()
 8 SYSTEMPATH/CodeIgniter.php(896): App\Controllers\Api->ReadPenjualan()
 9 SYSTEMPATH/CodeIgniter.php(466): CodeIgniter\CodeIgniter->runController(Object(App\Controllers\Api))
10 SYSTEMPATH/CodeIgniter.php(349): CodeIgniter\CodeIgniter->handleRequest(null, Object(Config\Cache), false)
11 FCPATH/index.php(55): CodeIgniter\CodeIgniter->run()
ERROR - 2022-06-25 16:28:01 --> You have an error in your SQL syntax; check the manual that corresponds to your MariaDB server version for the right syntax to use near '%Kopi%
AND `penjualan`.`deleted_at` IS NULL' at line 5
CRITICAL - 2022-06-25 16:28:01 --> You have an error in your SQL syntax; check the manual that corresponds to your MariaDB server version for the right syntax to use near '%Kopi%
AND `penjualan`.`deleted_at` IS NULL' at line 5
in SYSTEMPATH/Database/MySQLi/Connection.php on line 292.
 1 SYSTEMPATH/Database/MySQLi/Connection.php(292): mysqli->query('SELECT `barang`.`nama_barang`, `penjualan`.`stok`, `penjualan`.`terjual`, `penjualan`.`tgl_transaksi`, DATE_FORMAT(penjualan.tgl_transaksi, "%d %b %Y") as tgl_disp, `jenis_barang`.`jenis_barang`
FROM `penjualan`
JOIN `barang` ON `barang`.`id` = `penjualan`.`id_barang`
JOIN `jenis_barang` ON `jenis_barang`.`id` = `barang`.`id_jenis_barang`
WHERE `barang`.`nama_barang` LIKE %Kopi%
AND `penjualan`.`deleted_at` IS NULL', 0)
 2 SYSTEMPATH/Database/BaseConnection.php(695): CodeIgniter\Database\MySQLi\Connection->execute('SELECT `barang`.`nama_barang`, `penjualan`.`stok`, `penjualan`.`terjual`, `penjualan`.`tgl_transaksi`, DATE_FORMAT(penjualan.tgl_transaksi, "%d %b %Y") as tgl_disp, `jenis_barang`.`jenis_barang`
FROM `penjualan`
JOIN `barang` ON `barang`.`id` = `penjualan`.`id_barang`
JOIN `jenis_barang` ON `jenis_barang`.`id` = `barang`.`id_jenis_barang`
WHERE `barang`.`nama_barang` LIKE %Kopi%
AND `penjualan`.`deleted_at` IS NULL')
 3 SYSTEMPATH/Database/BaseConnection.php(609): CodeIgniter\Database\BaseConnection->simpleQuery('SELECT `barang`.`nama_barang`, `penjualan`.`stok`, `penjualan`.`terjual`, `penjualan`.`tgl_transaksi`, DATE_FORMAT(penjualan.tgl_transaksi, "%d %b %Y") as tgl_disp, `jenis_barang`.`jenis_barang`
FROM `penjualan`
JOIN `barang` ON `barang`.`id` = `penjualan`.`id_barang`
JOIN `jenis_barang` ON `jenis_barang`.`id` = `barang`.`id_jenis_barang`
WHERE `barang`.`nama_barang` LIKE %Kopi%
AND `penjualan`.`deleted_at` IS NULL')
 4 SYSTEMPATH/Database/BaseBuilder.php(1585): CodeIgniter\Database\BaseConnection->query('SELECT `barang`.`nama_barang`, `penjualan`.`stok`, `penjualan`.`terjual`, `penjualan`.`tgl_transaksi`, DATE_FORMAT(penjualan.tgl_transaksi, "%d %b %Y") as tgl_disp, `jenis_barang`.`jenis_barang`
FROM `penjualan`
JOIN `barang` ON `barang`.`id` = `penjualan`.`id_barang`
JOIN `jenis_barang` ON `jenis_barang`.`id` = `barang`.`id_jenis_barang`
WHERE `barang`.`nama_barang` LIKE %Kopi%
AND `penjualan`.`deleted_at` IS NULL', [], false)
 5 SYSTEMPATH/Model.php(222): CodeIgniter\Database\BaseBuilder->get()
 6 SYSTEMPATH/BaseModel.php(584): CodeIgniter\Model->doFindAll(0, 0)
 7 APPPATH/Controllers/Api.php(42): CodeIgniter\BaseModel->findAll()
 8 SYSTEMPATH/CodeIgniter.php(896): App\Controllers\Api->ReadPenjualan()
 9 SYSTEMPATH/CodeIgniter.php(466): CodeIgniter\CodeIgniter->runController(Object(App\Controllers\Api))
10 SYSTEMPATH/CodeIgniter.php(349): CodeIgniter\CodeIgniter->handleRequest(null, Object(Config\Cache), false)
11 FCPATH/index.php(55): CodeIgniter\CodeIgniter->run()
CRITICAL - 2022-06-25 16:40:05 --> json_decode() expects parameter 1 to be string, array given
in APPPATH/Controllers/Api.php on line 31.
 1 [internal function]: CodeIgniter\Debug\Exceptions->errorHandler(2, 'json_decode() expects parameter 1 to be string, array given', 'APPPATH/Controllers/Api.php', 31, [])
 2 APPPATH/Controllers/Api.php(31): json_decode([...])
 3 SYSTEMPATH/CodeIgniter.php(896): App\Controllers\Api->ReadPenjualan()
 4 SYSTEMPATH/CodeIgniter.php(466): CodeIgniter\CodeIgniter->runController(Object(App\Controllers\Api))
 5 SYSTEMPATH/CodeIgniter.php(349): CodeIgniter\CodeIgniter->handleRequest(null, Object(Config\Cache), false)
 6 FCPATH/index.php(55): CodeIgniter\CodeIgniter->run()
CRITICAL - 2022-06-25 16:40:16 --> json_decode() expects parameter 1 to be string, array given
in APPPATH/Controllers/Api.php on line 31.
 1 [internal function]: CodeIgniter\Debug\Exceptions->errorHandler(2, 'json_decode() expects parameter 1 to be string, array given', 'APPPATH/Controllers/Api.php', 31, [])
 2 APPPATH/Controllers/Api.php(31): json_decode([...])
 3 SYSTEMPATH/CodeIgniter.php(896): App\Controllers\Api->ReadPenjualan()
 4 SYSTEMPATH/CodeIgniter.php(466): CodeIgniter\CodeIgniter->runController(Object(App\Controllers\Api))
 5 SYSTEMPATH/CodeIgniter.php(349): CodeIgniter\CodeIgniter->handleRequest(null, Object(Config\Cache), false)
 6 FCPATH/index.php(55): CodeIgniter\CodeIgniter->run()
CRITICAL - 2022-06-25 16:40:50 --> json_decode() expects parameter 1 to be string, array given
in APPPATH/Controllers/Api.php on line 31.
 1 [internal function]: CodeIgniter\Debug\Exceptions->errorHandler(2, 'json_decode() expects parameter 1 to be string, array given', 'APPPATH/Controllers/Api.php', 31, [])
 2 APPPATH/Controllers/Api.php(31): json_decode([...])
 3 SYSTEMPATH/CodeIgniter.php(896): App\Controllers\Api->ReadPenjualan()
 4 SYSTEMPATH/CodeIgniter.php(466): CodeIgniter\CodeIgniter->runController(Object(App\Controllers\Api))
 5 SYSTEMPATH/CodeIgniter.php(349): CodeIgniter\CodeIgniter->handleRequest(null, Object(Config\Cache), false)
 6 FCPATH/index.php(55): CodeIgniter\CodeIgniter->run()
CRITICAL - 2022-06-25 16:41:59 --> Call to undefined method CodeIgniter\HTTP\IncomingRequest::getGePost()
in APPPATH/Controllers/Api.php on line 31.
 1 SYSTEMPATH/CodeIgniter.php(896): App\Controllers\Api->ReadPenjualan()
 2 SYSTEMPATH/CodeIgniter.php(466): CodeIgniter\CodeIgniter->runController(Object(App\Controllers\Api))
 3 SYSTEMPATH/CodeIgniter.php(349): CodeIgniter\CodeIgniter->handleRequest(null, Object(Config\Cache), false)
 4 FCPATH/index.php(55): CodeIgniter\CodeIgniter->run()
CRITICAL - 2022-06-25 16:42:01 --> Call to undefined method CodeIgniter\HTTP\IncomingRequest::getGePost()
in APPPATH/Controllers/Api.php on line 31.
 1 SYSTEMPATH/CodeIgniter.php(896): App\Controllers\Api->ReadPenjualan()
 2 SYSTEMPATH/CodeIgniter.php(466): CodeIgniter\CodeIgniter->runController(Object(App\Controllers\Api))
 3 SYSTEMPATH/CodeIgniter.php(349): CodeIgniter\CodeIgniter->handleRequest(null, Object(Config\Cache), false)
 4 FCPATH/index.php(55): CodeIgniter\CodeIgniter->run()
CRITICAL - 2022-06-25 16:43:40 --> Argument 2 passed to CodeIgniter\Database\BaseBuilder::like() must be of the type string, null given, called in /opt/lampp/htdocs/kelontongs/system/Model.php on line 771
in SYSTEMPATH/Database/BaseBuilder.php on line 954.
 1 SYSTEMPATH/Model.php(771): CodeIgniter\Database\BaseBuilder->like('barang.nama_barang', null)
 2 APPPATH/Controllers/Api.php(39): CodeIgniter\Model->__call('like', [...])
 3 SYSTEMPATH/CodeIgniter.php(896): App\Controllers\Api->ReadPenjualan()
 4 SYSTEMPATH/CodeIgniter.php(466): CodeIgniter\CodeIgniter->runController(Object(App\Controllers\Api))
 5 SYSTEMPATH/CodeIgniter.php(349): CodeIgniter\CodeIgniter->handleRequest(null, Object(Config\Cache), false)
 6 FCPATH/index.php(55): CodeIgniter\CodeIgniter->run()
CRITICAL - 2022-06-25 04:57:46 --> syntax error, unexpected 'echo' (T_ECHO), expecting ';'
in APPPATH/Controllers/Api.php on line 33.
 1 SYSTEMPATH/Autoloader/Autoloader.php(261): CodeIgniter\Autoloader\Autoloader->includeFile('APPPATH/Controllers/Api.php')
 2 SYSTEMPATH/Autoloader/Autoloader.php(239): CodeIgniter\Autoloader\Autoloader->loadInNamespace('App\\Controllers\\Api')
 3 [internal function]: CodeIgniter\Autoloader\Autoloader->loadClass('App\\Controllers\\Api')
 4 [internal function]: spl_autoload_call('App\\Controllers\\Api')
 5 SYSTEMPATH/CodeIgniter.php(846): class_exists('\\App\\Controllers\\Api', true)
 6 SYSTEMPATH/CodeIgniter.php(453): CodeIgniter\CodeIgniter->startController()
 7 SYSTEMPATH/CodeIgniter.php(349): CodeIgniter\CodeIgniter->handleRequest(null, Object(Config\Cache), false)
 8 FCPATH/index.php(55): CodeIgniter\CodeIgniter->run()
CRITICAL - 2022-06-25 10:46:56 --> Undefined variable: barang
in APPPATH/Views/home.php on line 1.
 1 APPPATH/Views/home.php(1): CodeIgniter\Debug\Exceptions->errorHandler(8, 'Undefined variable: barang', 'APPPATH/Views/home.php', 1, [])
 2 SYSTEMPATH/View/View.php(213): include('APPPATH/Views/home.php')
 3 SYSTEMPATH/View/View.php(216): CodeIgniter\View\View->CodeIgniter\View\{closure}()
 4 SYSTEMPATH/Common.php(1135): CodeIgniter\View\View->render('home', [], true)
 5 APPPATH/Controllers/Home.php(9): view('home')
 6 SYSTEMPATH/CodeIgniter.php(896): App\Controllers\Home->index()
 7 SYSTEMPATH/CodeIgniter.php(466): CodeIgniter\CodeIgniter->runController(Object(App\Controllers\Home))
 8 SYSTEMPATH/CodeIgniter.php(349): CodeIgniter\CodeIgniter->handleRequest(null, Object(Config\Cache), false)
 9 FCPATH/index.php(55): CodeIgniter\CodeIgniter->run()
CRITICAL - 2022-06-25 10:47:57 --> Undefined variable: barang
in APPPATH/Views/home.php on line 1.
 1 APPPATH/Views/home.php(1): CodeIgniter\Debug\Exceptions->errorHandler(8, 'Undefined variable: barang', 'APPPATH/Views/home.php', 1, [])
 2 SYSTEMPATH/View/View.php(213): include('APPPATH/Views/home.php')
 3 SYSTEMPATH/View/View.php(216): CodeIgniter\View\View->CodeIgniter\View\{closure}()
 4 SYSTEMPATH/Common.php(1135): CodeIgniter\View\View->render('home', [], true)
 5 APPPATH/Controllers/Home.php(9): view('home')
 6 SYSTEMPATH/CodeIgniter.php(896): App\Controllers\Home->index()
 7 SYSTEMPATH/CodeIgniter.php(466): CodeIgniter\CodeIgniter->runController(Object(App\Controllers\Home))
 8 SYSTEMPATH/CodeIgniter.php(349): CodeIgniter\CodeIgniter->handleRequest(null, Object(Config\Cache), false)
 9 FCPATH/index.php(55): CodeIgniter\CodeIgniter->run()
CRITICAL - 2022-06-25 10:47:58 --> Undefined variable: barang
in APPPATH/Views/home.php on line 1.
 1 APPPATH/Views/home.php(1): CodeIgniter\Debug\Exceptions->errorHandler(8, 'Undefined variable: barang', 'APPPATH/Views/home.php', 1, [])
 2 SYSTEMPATH/View/View.php(213): include('APPPATH/Views/home.php')
 3 SYSTEMPATH/View/View.php(216): CodeIgniter\View\View->CodeIgniter\View\{closure}()
 4 SYSTEMPATH/Common.php(1135): CodeIgniter\View\View->render('home', [], true)
 5 APPPATH/Controllers/Home.php(9): view('home')
 6 SYSTEMPATH/CodeIgniter.php(896): App\Controllers\Home->index()
 7 SYSTEMPATH/CodeIgniter.php(466): CodeIgniter\CodeIgniter->runController(Object(App\Controllers\Home))
 8 SYSTEMPATH/CodeIgniter.php(349): CodeIgniter\CodeIgniter->handleRequest(null, Object(Config\Cache), false)
 9 FCPATH/index.php(55): CodeIgniter\CodeIgniter->run()
CRITICAL - 2022-06-25 10:47:58 --> Undefined variable: barang
in APPPATH/Views/home.php on line 1.
 1 APPPATH/Views/home.php(1): CodeIgniter\Debug\Exceptions->errorHandler(8, 'Undefined variable: barang', 'APPPATH/Views/home.php', 1, [])
 2 SYSTEMPATH/View/View.php(213): include('APPPATH/Views/home.php')
 3 SYSTEMPATH/View/View.php(216): CodeIgniter\View\View->CodeIgniter\View\{closure}()
 4 SYSTEMPATH/Common.php(1135): CodeIgniter\View\View->render('home', [], true)
 5 APPPATH/Controllers/Home.php(9): view('home')
 6 SYSTEMPATH/CodeIgniter.php(896): App\Controllers\Home->index()
 7 SYSTEMPATH/CodeIgniter.php(466): CodeIgniter\CodeIgniter->runController(Object(App\Controllers\Home))
 8 SYSTEMPATH/CodeIgniter.php(349): CodeIgniter\CodeIgniter->handleRequest(null, Object(Config\Cache), false)
 9 FCPATH/index.php(55): CodeIgniter\CodeIgniter->run()
CRITICAL - 2022-06-25 10:47:58 --> Undefined variable: barang
in APPPATH/Views/home.php on line 1.
 1 APPPATH/Views/home.php(1): CodeIgniter\Debug\Exceptions->errorHandler(8, 'Undefined variable: barang', 'APPPATH/Views/home.php', 1, [])
 2 SYSTEMPATH/View/View.php(213): include('APPPATH/Views/home.php')
 3 SYSTEMPATH/View/View.php(216): CodeIgniter\View\View->CodeIgniter\View\{closure}()
 4 SYSTEMPATH/Common.php(1135): CodeIgniter\View\View->render('home', [], true)
 5 APPPATH/Controllers/Home.php(9): view('home')
 6 SYSTEMPATH/CodeIgniter.php(896): App\Controllers\Home->index()
 7 SYSTEMPATH/CodeIgniter.php(466): CodeIgniter\CodeIgniter->runController(Object(App\Controllers\Home))
 8 SYSTEMPATH/CodeIgniter.php(349): CodeIgniter\CodeIgniter->handleRequest(null, Object(Config\Cache), false)
 9 FCPATH/index.php(55): CodeIgniter\CodeIgniter->run()
CRITICAL - 2022-06-25 10:47:58 --> Undefined variable: barang
in APPPATH/Views/home.php on line 1.
 1 APPPATH/Views/home.php(1): CodeIgniter\Debug\Exceptions->errorHandler(8, 'Undefined variable: barang', 'APPPATH/Views/home.php', 1, [])
 2 SYSTEMPATH/View/View.php(213): include('APPPATH/Views/home.php')
 3 SYSTEMPATH/View/View.php(216): CodeIgniter\View\View->CodeIgniter\View\{closure}()
 4 SYSTEMPATH/Common.php(1135): CodeIgniter\View\View->render('home', [], true)
 5 APPPATH/Controllers/Home.php(9): view('home')
 6 SYSTEMPATH/CodeIgniter.php(896): App\Controllers\Home->index()
 7 SYSTEMPATH/CodeIgniter.php(466): CodeIgniter\CodeIgniter->runController(Object(App\Controllers\Home))
 8 SYSTEMPATH/CodeIgniter.php(349): CodeIgniter\CodeIgniter->handleRequest(null, Object(Config\Cache), false)
 9 FCPATH/index.php(55): CodeIgniter\CodeIgniter->run()
CRITICAL - 2022-06-25 10:47:58 --> Undefined variable: barang
in APPPATH/Views/home.php on line 1.
 1 APPPATH/Views/home.php(1): CodeIgniter\Debug\Exceptions->errorHandler(8, 'Undefined variable: barang', 'APPPATH/Views/home.php', 1, [])
 2 SYSTEMPATH/View/View.php(213): include('APPPATH/Views/home.php')
 3 SYSTEMPATH/View/View.php(216): CodeIgniter\View\View->CodeIgniter\View\{closure}()
 4 SYSTEMPATH/Common.php(1135): CodeIgniter\View\View->render('home', [], true)
 5 APPPATH/Controllers/Home.php(9): view('home')
 6 SYSTEMPATH/CodeIgniter.php(896): App\Controllers\Home->index()
 7 SYSTEMPATH/CodeIgniter.php(466): CodeIgniter\CodeIgniter->runController(Object(App\Controllers\Home))
 8 SYSTEMPATH/CodeIgniter.php(349): CodeIgniter\CodeIgniter->handleRequest(null, Object(Config\Cache), false)
 9 FCPATH/index.php(55): CodeIgniter\CodeIgniter->run()
CRITICAL - 2022-06-25 10:47:58 --> Undefined variable: barang
in APPPATH/Views/home.php on line 1.
 1 APPPATH/Views/home.php(1): CodeIgniter\Debug\Exceptions->errorHandler(8, 'Undefined variable: barang', 'APPPATH/Views/home.php', 1, [])
 2 SYSTEMPATH/View/View.php(213): include('APPPATH/Views/home.php')
 3 SYSTEMPATH/View/View.php(216): CodeIgniter\View\View->CodeIgniter\View\{closure}()
 4 SYSTEMPATH/Common.php(1135): CodeIgniter\View\View->render('home', [], true)
 5 APPPATH/Controllers/Home.php(9): view('home')
 6 SYSTEMPATH/CodeIgniter.php(896): App\Controllers\Home->index()
 7 SYSTEMPATH/CodeIgniter.php(466): CodeIgniter\CodeIgniter->runController(Object(App\Controllers\Home))
 8 SYSTEMPATH/CodeIgniter.php(349): CodeIgniter\CodeIgniter->handleRequest(null, Object(Config\Cache), false)
 9 FCPATH/index.php(55): CodeIgniter\CodeIgniter->run()
CRITICAL - 2022-06-25 10:47:59 --> Undefined variable: barang
in APPPATH/Views/home.php on line 1.
 1 APPPATH/Views/home.php(1): CodeIgniter\Debug\Exceptions->errorHandler(8, 'Undefined variable: barang', 'APPPATH/Views/home.php', 1, [])
 2 SYSTEMPATH/View/View.php(213): include('APPPATH/Views/home.php')
 3 SYSTEMPATH/View/View.php(216): CodeIgniter\View\View->CodeIgniter\View\{closure}()
 4 SYSTEMPATH/Common.php(1135): CodeIgniter\View\View->render('home', [], true)
 5 APPPATH/Controllers/Home.php(9): view('home')
 6 SYSTEMPATH/CodeIgniter.php(896): App\Controllers\Home->index()
 7 SYSTEMPATH/CodeIgniter.php(466): CodeIgniter\CodeIgniter->runController(Object(App\Controllers\Home))
 8 SYSTEMPATH/CodeIgniter.php(349): CodeIgniter\CodeIgniter->handleRequest(null, Object(Config\Cache), false)
 9 FCPATH/index.php(55): CodeIgniter\CodeIgniter->run()
CRITICAL - 2022-06-25 10:47:59 --> Undefined variable: barang
in APPPATH/Views/home.php on line 1.
 1 APPPATH/Views/home.php(1): CodeIgniter\Debug\Exceptions->errorHandler(8, 'Undefined variable: barang', 'APPPATH/Views/home.php', 1, [])
 2 SYSTEMPATH/View/View.php(213): include('APPPATH/Views/home.php')
 3 SYSTEMPATH/View/View.php(216): CodeIgniter\View\View->CodeIgniter\View\{closure}()
 4 SYSTEMPATH/Common.php(1135): CodeIgniter\View\View->render('home', [], true)
 5 APPPATH/Controllers/Home.php(9): view('home')
 6 SYSTEMPATH/CodeIgniter.php(896): App\Controllers\Home->index()
 7 SYSTEMPATH/CodeIgniter.php(466): CodeIgniter\CodeIgniter->runController(Object(App\Controllers\Home))
 8 SYSTEMPATH/CodeIgniter.php(349): CodeIgniter\CodeIgniter->handleRequest(null, Object(Config\Cache), false)
 9 FCPATH/index.php(55): CodeIgniter\CodeIgniter->run()
CRITICAL - 2022-06-25 10:47:59 --> Undefined variable: barang
in APPPATH/Views/home.php on line 1.
 1 APPPATH/Views/home.php(1): CodeIgniter\Debug\Exceptions->errorHandler(8, 'Undefined variable: barang', 'APPPATH/Views/home.php', 1, [])
 2 SYSTEMPATH/View/View.php(213): include('APPPATH/Views/home.php')
 3 SYSTEMPATH/View/View.php(216): CodeIgniter\View\View->CodeIgniter\View\{closure}()
 4 SYSTEMPATH/Common.php(1135): CodeIgniter\View\View->render('home', [], true)
 5 APPPATH/Controllers/Home.php(9): view('home')
 6 SYSTEMPATH/CodeIgniter.php(896): App\Controllers\Home->index()
 7 SYSTEMPATH/CodeIgniter.php(466): CodeIgniter\CodeIgniter->runController(Object(App\Controllers\Home))
 8 SYSTEMPATH/CodeIgniter.php(349): CodeIgniter\CodeIgniter->handleRequest(null, Object(Config\Cache), false)
 9 FCPATH/index.php(55): CodeIgniter\CodeIgniter->run()
CRITICAL - 2022-06-25 10:47:59 --> Undefined variable: barang
in APPPATH/Views/home.php on line 1.
 1 APPPATH/Views/home.php(1): CodeIgniter\Debug\Exceptions->errorHandler(8, 'Undefined variable: barang', 'APPPATH/Views/home.php', 1, [])
 2 SYSTEMPATH/View/View.php(213): include('APPPATH/Views/home.php')
 3 SYSTEMPATH/View/View.php(216): CodeIgniter\View\View->CodeIgniter\View\{closure}()
 4 SYSTEMPATH/Common.php(1135): CodeIgniter\View\View->render('home', [], true)
 5 APPPATH/Controllers/Home.php(9): view('home')
 6 SYSTEMPATH/CodeIgniter.php(896): App\Controllers\Home->index()
 7 SYSTEMPATH/CodeIgniter.php(466): CodeIgniter\CodeIgniter->runController(Object(App\Controllers\Home))
 8 SYSTEMPATH/CodeIgniter.php(349): CodeIgniter\CodeIgniter->handleRequest(null, Object(Config\Cache), false)
 9 FCPATH/index.php(55): CodeIgniter\CodeIgniter->run()
CRITICAL - 2022-06-25 10:47:59 --> Undefined variable: barang
in APPPATH/Views/home.php on line 1.
 1 APPPATH/Views/home.php(1): CodeIgniter\Debug\Exceptions->errorHandler(8, 'Undefined variable: barang', 'APPPATH/Views/home.php', 1, [])
 2 SYSTEMPATH/View/View.php(213): include('APPPATH/Views/home.php')
 3 SYSTEMPATH/View/View.php(216): CodeIgniter\View\View->CodeIgniter\View\{closure}()
 4 SYSTEMPATH/Common.php(1135): CodeIgniter\View\View->render('home', [], true)
 5 APPPATH/Controllers/Home.php(9): view('home')
 6 SYSTEMPATH/CodeIgniter.php(896): App\Controllers\Home->index()
 7 SYSTEMPATH/CodeIgniter.php(466): CodeIgniter\CodeIgniter->runController(Object(App\Controllers\Home))
 8 SYSTEMPATH/CodeIgniter.php(349): CodeIgniter\CodeIgniter->handleRequest(null, Object(Config\Cache), false)
 9 FCPATH/index.php(55): CodeIgniter\CodeIgniter->run()
CRITICAL - 2022-06-25 10:47:59 --> Undefined variable: barang
in APPPATH/Views/home.php on line 1.
 1 APPPATH/Views/home.php(1): CodeIgniter\Debug\Exceptions->errorHandler(8, 'Undefined variable: barang', 'APPPATH/Views/home.php', 1, [])
 2 SYSTEMPATH/View/View.php(213): include('APPPATH/Views/home.php')
 3 SYSTEMPATH/View/View.php(216): CodeIgniter\View\View->CodeIgniter\View\{closure}()
 4 SYSTEMPATH/Common.php(1135): CodeIgniter\View\View->render('home', [], true)
 5 APPPATH/Controllers/Home.php(9): view('home')
 6 SYSTEMPATH/CodeIgniter.php(896): App\Controllers\Home->index()
 7 SYSTEMPATH/CodeIgniter.php(466): CodeIgniter\CodeIgniter->runController(Object(App\Controllers\Home))
 8 SYSTEMPATH/CodeIgniter.php(349): CodeIgniter\CodeIgniter->handleRequest(null, Object(Config\Cache), false)
 9 FCPATH/index.php(55): CodeIgniter\CodeIgniter->run()
CRITICAL - 2022-06-25 11:30:58 --> syntax error, unexpected ')'
in APPPATH/Controllers/Api.php on line 68.
 1 SYSTEMPATH/Autoloader/Autoloader.php(261): CodeIgniter\Autoloader\Autoloader->includeFile('APPPATH/Controllers/Api.php')
 2 SYSTEMPATH/Autoloader/Autoloader.php(239): CodeIgniter\Autoloader\Autoloader->loadInNamespace('App\\Controllers\\Api')
 3 [internal function]: CodeIgniter\Autoloader\Autoloader->loadClass('App\\Controllers\\Api')
 4 [internal function]: spl_autoload_call('App\\Controllers\\Api')
 5 SYSTEMPATH/CodeIgniter.php(846): class_exists('\\App\\Controllers\\Api', true)
 6 SYSTEMPATH/CodeIgniter.php(453): CodeIgniter\CodeIgniter->startController()
 7 SYSTEMPATH/CodeIgniter.php(349): CodeIgniter\CodeIgniter->handleRequest(null, Object(Config\Cache), false)
 8 FCPATH/index.php(55): CodeIgniter\CodeIgniter->run()
